INFO:wadls/autoscale.wadl:Converting: wadls/autoscale.wadl to swagger/autoscale.json
WARNING:wadls/autoscale.wadl:Autofix: Adding leading / to path
WARNING:wadls/autoscale.wadl:Unknown type: object for param launchConfiguration
WARNING:wadls/autoscale.wadl:Using string for object
WARNING:wadls/autoscale.wadl:Ignoring body parameter, converting these is not yet supported...
WARNING:wadls/autoscale.wadl:Unknown type: array for param loadBalancers
WARNING:wadls/autoscale.wadl:Using string for array
WARNING:wadls/autoscale.wadl:Ignoring body parameter, converting these is not yet supported...
WARNING:wadls/autoscale.wadl:Ignoring body parameter, converting these is not yet supported...
WARNING:wadls/autoscale.wadl:Unknown type: UUID for param loadBalancerId
WARNING:wadls/autoscale.wadl:Using string for UUID
WARNING:wadls/autoscale.wadl:Ignoring body parameter, converting these is not yet supported...
WARNING:wadls/autoscale.wadl:Unknown type: object for param server
WARNING:wadls/autoscale.wadl:Using string for object
WARNING:wadls/autoscale.wadl:Ignoring body parameter, converting these is not yet supported...
WARNING:wadls/autoscale.wadl:Ignoring body parameter, converting these is not yet supported...
WARNING:wadls/autoscale.wadl:Ignoring body parameter, converting these is not yet supported...
WARNING:wadls/autoscale.wadl:Unknown type: array for param personality
WARNING:wadls/autoscale.wadl:Using string for array
WARNING:wadls/autoscale.wadl:Ignoring body parameter, converting these is not yet supported...
WARNING:wadls/autoscale.wadl:Ignoring body parameter, converting these is not yet supported...
WARNING:wadls/autoscale.wadl:Ignoring body parameter, converting these is not yet supported...
WARNING:wadls/autoscale.wadl:Unknown type: object for param args
WARNING:wadls/autoscale.wadl:Using string for object
WARNING:wadls/autoscale.wadl:Ignoring body parameter, converting these is not yet supported...
WARNING:wadls/autoscale.wadl:Ignoring body parameter, converting these is not yet supported...
WARNING:wadls/autoscale.wadl:Ignoring body parameter, converting these is not yet supported...
WARNING:wadls/autoscale.wadl:Unknown type: object for param groupConfiguration
WARNING:wadls/autoscale.wadl:Using string for object
WARNING:wadls/autoscale.wadl:Ignoring body parameter, converting these is not yet supported...
WARNING:wadls/autoscale.wadl:Unknown type: object for param maxEntities
WARNING:wadls/autoscale.wadl:Using string for object
WARNING:wadls/autoscale.wadl:Ignoring body parameter, converting these is not yet supported...
WARNING:wadls/autoscale.wadl:Ignoring body parameter, converting these is not yet supported...
WARNING:wadls/autoscale.wadl:Ignoring body parameter, converting these is not yet supported...
WARNING:wadls/autoscale.wadl:Ignoring body parameter, converting these is not yet supported...
WARNING:wadls/autoscale.wadl:Unknown type: object for param metadata
WARNING:wadls/autoscale.wadl:Using string for object
WARNING:wadls/autoscale.wadl:Ignoring body parameter, converting these is not yet supported...
WARNING:wadls/autoscale.wadl:Unknown type: array for param scalingPolicies
WARNING:wadls/autoscale.wadl:Using string for array
WARNING:wadls/autoscale.wadl:Ignoring body parameter, converting these is not yet supported...
WARNING:wadls/autoscale.wadl:Unknown type: array for param array
WARNING:wadls/autoscale.wadl:Using string for array
WARNING:wadls/autoscale.wadl:Ignoring body parameter, converting these is not yet supported...
WARNING:wadls/autoscale.wadl:Ignoring body parameter, converting these is not yet supported...
WARNING:wadls/autoscale.wadl:Unknown type: object for param args
WARNING:wadls/autoscale.wadl:Using string for object
WARNING:wadls/autoscale.wadl:Ignoring body parameter, converting these is not yet supported...
WARNING:wadls/autoscale.wadl:Ignoring body parameter, converting these is not yet supported...
WARNING:wadls/autoscale.wadl:Ignoring body parameter, converting these is not yet supported...
WARNING:wadls/autoscale.wadl:Unknown type: number for param changePercent
WARNING:wadls/autoscale.wadl:Using string for number
WARNING:wadls/autoscale.wadl:Ignoring body parameter, converting these is not yet supported...
WARNING:wadls/autoscale.wadl:Unknown type: number for param cooldown
WARNING:wadls/autoscale.wadl:Using string for number
WARNING:wadls/autoscale.wadl:Ignoring body parameter, converting these is not yet supported...
WARNING:wadls/autoscale.wadl:Unknown type: enum for param type
WARNING:wadls/autoscale.wadl:Using string for enum
WARNING:wadls/autoscale.wadl:Ignoring body parameter, converting these is not yet supported...
WARNING:wadls/autoscale.wadl:Ignoring body parameter, converting these is not yet supported...
WARNING:wadls/autoscale.wadl:Ignoring body parameter, converting these is not yet supported...
WARNING:wadls/autoscale.wadl:Autofix: Adding leading / to path
WARNING:wadls/autoscale.wadl:Unknown type: osapi:UUID for param groupId
WARNING:wadls/autoscale.wadl:Using string for osapi:UUID
WARNING:wadls/autoscale.wadl:Autofix: Adding leading / to path
WARNING:wadls/autoscale.wadl:No support for application/json for resource at /v1.0/{tenantId}/groups/{groupId}/servers/{serverId}
WARNING:wadls/autoscale.wadl:Unknown type: osapi:UUID for param groupId
WARNING:wadls/autoscale.wadl:Using string for osapi:UUID
WARNING:wadls/autoscale.wadl:Unknown type: osapi:UUID for param serverId
WARNING:wadls/autoscale.wadl:Using string for osapi:UUID
WARNING:wadls/autoscale.wadl:Autofix: Adding leading / to path
WARNING:wadls/autoscale.wadl:Unknown type: osapi:UUID for param groupId
WARNING:wadls/autoscale.wadl:Using string for osapi:UUID
WARNING:wadls/autoscale.wadl:Autofix: Adding leading / to path
WARNING:wadls/autoscale.wadl:Unknown type: osapi:UUID for param groupId
WARNING:wadls/autoscale.wadl:Using string for osapi:UUID
WARNING:wadls/autoscale.wadl:Unknown type: object for param maxEntities
WARNING:wadls/autoscale.wadl:Using string for object
WARNING:wadls/autoscale.wadl:Ignoring body parameter, converting these is not yet supported...
WARNING:wadls/autoscale.wadl:Ignoring body parameter, converting these is not yet supported...
WARNING:wadls/autoscale.wadl:Ignoring body parameter, converting these is not yet supported...
WARNING:wadls/autoscale.wadl:Ignoring body parameter, converting these is not yet supported...
WARNING:wadls/autoscale.wadl:Unknown type: object for param metadata
WARNING:wadls/autoscale.wadl:Using string for object
WARNING:wadls/autoscale.wadl:Ignoring body parameter, converting these is not yet supported...
WARNING:wadls/autoscale.wadl:Autofix: Adding leading / to path
WARNING:wadls/autoscale.wadl:Unknown type: osapi:UUID for param groupId
WARNING:wadls/autoscale.wadl:Using string for osapi:UUID
WARNING:wadls/autoscale.wadl:Unknown type: object for param args
WARNING:wadls/autoscale.wadl:Using string for object
WARNING:wadls/autoscale.wadl:Ignoring body parameter, converting these is not yet supported...
WARNING:wadls/autoscale.wadl:Unknown type: array for param loadBalancers
WARNING:wadls/autoscale.wadl:Using string for array
WARNING:wadls/autoscale.wadl:Ignoring body parameter, converting these is not yet supported...
WARNING:wadls/autoscale.wadl:Ignoring body parameter, converting these is not yet supported...
WARNING:wadls/autoscale.wadl:Ignoring body parameter, converting these is not yet supported...
WARNING:wadls/autoscale.wadl:Unknown type: object for param server
WARNING:wadls/autoscale.wadl:Using string for object
WARNING:wadls/autoscale.wadl:Ignoring body parameter, converting these is not yet supported...
WARNING:wadls/autoscale.wadl:Ignoring body parameter, converting these is not yet supported...
WARNING:wadls/autoscale.wadl:Ignoring body parameter, converting these is not yet supported...
WARNING:wadls/autoscale.wadl:Unknown type: array for param personality
WARNING:wadls/autoscale.wadl:Using string for array
WARNING:wadls/autoscale.wadl:Ignoring body parameter, converting these is not yet supported...
WARNING:wadls/autoscale.wadl:Ignoring body parameter, converting these is not yet supported...
WARNING:wadls/autoscale.wadl:Ignoring body parameter, converting these is not yet supported...
WARNING:wadls/autoscale.wadl:Autofix: Adding leading / to path
WARNING:wadls/autoscale.wadl:No support for application/json for resource at /v1.0/{tenantId}/groups/{groupId}/pause
WARNING:wadls/autoscale.wadl:Unknown type: osapi:UUID for param groupId
WARNING:wadls/autoscale.wadl:Using string for osapi:UUID
WARNING:wadls/autoscale.wadl:Autofix: Adding leading / to path
WARNING:wadls/autoscale.wadl:No support for application/json for resource at /v1.0/{tenantId}/groups/{groupId}/resume
WARNING:wadls/autoscale.wadl:Unknown type: osapi:UUID for param groupId
WARNING:wadls/autoscale.wadl:Using string for osapi:UUID
WARNING:wadls/autoscale.wadl:Autofix: Adding leading / to path
WARNING:wadls/autoscale.wadl:Unknown type: osapi:UUID for param groupId
WARNING:wadls/autoscale.wadl:Using string for osapi:UUID
WARNING:wadls/autoscale.wadl:Unknown type: array for param array
WARNING:wadls/autoscale.wadl:Using string for array
WARNING:wadls/autoscale.wadl:Ignoring body parameter, converting these is not yet supported...
WARNING:wadls/autoscale.wadl:Ignoring body parameter, converting these is not yet supported...
WARNING:wadls/autoscale.wadl:Unknown type: object for param args
WARNING:wadls/autoscale.wadl:Using string for object
WARNING:wadls/autoscale.wadl:Ignoring body parameter, converting these is not yet supported...
WARNING:wadls/autoscale.wadl:Ignoring body parameter, converting these is not yet supported...
WARNING:wadls/autoscale.wadl:Ignoring body parameter, converting these is not yet supported...
WARNING:wadls/autoscale.wadl:Unknown type: number for param changePercent
WARNING:wadls/autoscale.wadl:Using string for number
WARNING:wadls/autoscale.wadl:Ignoring body parameter, converting these is not yet supported...
WARNING:wadls/autoscale.wadl:Unknown type: number for param cooldown
WARNING:wadls/autoscale.wadl:Using string for number
WARNING:wadls/autoscale.wadl:Ignoring body parameter, converting these is not yet supported...
WARNING:wadls/autoscale.wadl:Unknown type: enum for param type
WARNING:wadls/autoscale.wadl:Using string for enum
WARNING:wadls/autoscale.wadl:Ignoring body parameter, converting these is not yet supported...
WARNING:wadls/autoscale.wadl:Ignoring body parameter, converting these is not yet supported...
WARNING:wadls/autoscale.wadl:Ignoring body parameter, converting these is not yet supported...
WARNING:wadls/autoscale.wadl:Unknown type: object for param args
WARNING:wadls/autoscale.wadl:Using string for object
WARNING:wadls/autoscale.wadl:Ignoring body parameter, converting these is not yet supported...
WARNING:wadls/autoscale.wadl:Ignoring body parameter, converting these is not yet supported...
WARNING:wadls/autoscale.wadl:Ignoring body parameter, converting these is not yet supported...
WARNING:wadls/autoscale.wadl:Unknown type: number for param changePercent
WARNING:wadls/autoscale.wadl:Using string for number
WARNING:wadls/autoscale.wadl:Ignoring body parameter, converting these is not yet supported...
WARNING:wadls/autoscale.wadl:Unknown type: number for param cooldown
WARNING:wadls/autoscale.wadl:Using string for number
WARNING:wadls/autoscale.wadl:Ignoring body parameter, converting these is not yet supported...
WARNING:wadls/autoscale.wadl:Unknown type: enum for param type
WARNING:wadls/autoscale.wadl:Using string for enum
WARNING:wadls/autoscale.wadl:Ignoring body parameter, converting these is not yet supported...
WARNING:wadls/autoscale.wadl:Ignoring body parameter, converting these is not yet supported...
WARNING:wadls/autoscale.wadl:Ignoring body parameter, converting these is not yet supported...
WARNING:wadls/autoscale.wadl:Autofix: Adding leading / to path
WARNING:wadls/autoscale.wadl:Unknown type: osapi:UUID for param groupId
WARNING:wadls/autoscale.wadl:Using string for osapi:UUID
WARNING:wadls/autoscale.wadl:Unknown type: osapi:UUID for param policyId
WARNING:wadls/autoscale.wadl:Using string for osapi:UUID
WARNING:wadls/autoscale.wadl:Ignoring body parameter, converting these is not yet supported...
WARNING:wadls/autoscale.wadl:Unknown type: object for param args
WARNING:wadls/autoscale.wadl:Using string for object
WARNING:wadls/autoscale.wadl:Ignoring body parameter, converting these is not yet supported...
WARNING:wadls/autoscale.wadl:Ignoring body parameter, converting these is not yet supported...
WARNING:wadls/autoscale.wadl:Ignoring body parameter, converting these is not yet supported...
WARNING:wadls/autoscale.wadl:Unknown type: number for param changePercent
WARNING:wadls/autoscale.wadl:Using string for number
WARNING:wadls/autoscale.wadl:Ignoring body parameter, converting these is not yet supported...
WARNING:wadls/autoscale.wadl:Unknown type: number for param cooldown
WARNING:wadls/autoscale.wadl:Using string for number
WARNING:wadls/autoscale.wadl:Ignoring body parameter, converting these is not yet supported...
WARNING:wadls/autoscale.wadl:Unknown type: enum for param type
WARNING:wadls/autoscale.wadl:Using string for enum
WARNING:wadls/autoscale.wadl:Ignoring body parameter, converting these is not yet supported...
WARNING:wadls/autoscale.wadl:Ignoring body parameter, converting these is not yet supported...
WARNING:wadls/autoscale.wadl:Ignoring body parameter, converting these is not yet supported...
WARNING:wadls/autoscale.wadl:Autofix: Adding leading / to path
WARNING:wadls/autoscale.wadl:No support for application/json for resource at /v1.0/{tenantId}/groups/{groupId}/policies/{policyId}/execute
WARNING:wadls/autoscale.wadl:Unknown type: osapi:UUID for param groupId
WARNING:wadls/autoscale.wadl:Using string for osapi:UUID
WARNING:wadls/autoscale.wadl:Unknown type: osapi:UUID for param policyId
WARNING:wadls/autoscale.wadl:Using string for osapi:UUID
WARNING:wadls/autoscale.wadl:Autofix: Adding leading / to path
WARNING:wadls/autoscale.wadl:Unknown type: osapi:UUID for param groupId
WARNING:wadls/autoscale.wadl:Using string for osapi:UUID
WARNING:wadls/autoscale.wadl:Unknown type: osapi:UUID for param policyId
WARNING:wadls/autoscale.wadl:Using string for osapi:UUID
WARNING:wadls/autoscale.wadl:Ignoring body parameter, converting these is not yet supported...
WARNING:wadls/autoscale.wadl:Unknown type: object for param metadata
WARNING:wadls/autoscale.wadl:Using string for object
WARNING:wadls/autoscale.wadl:Ignoring body parameter, converting these is not yet supported...
WARNING:wadls/autoscale.wadl:Autofix: Adding leading / to path
WARNING:wadls/autoscale.wadl:Unknown type: osapi:UUID for param groupId
WARNING:wadls/autoscale.wadl:Using string for osapi:UUID
WARNING:wadls/autoscale.wadl:Unknown type: osapi:UUID for param policyId
WARNING:wadls/autoscale.wadl:Using string for osapi:UUID
WARNING:wadls/autoscale.wadl:Unknown type: osapi:UUID for param webhookId
WARNING:wadls/autoscale.wadl:Using string for osapi:UUID
WARNING:wadls/autoscale.wadl:Unknown type: object for param name
WARNING:wadls/autoscale.wadl:Using string for object
WARNING:wadls/autoscale.wadl:Ignoring body parameter, converting these is not yet supported...
WARNING:wadls/autoscale.wadl:Unknown type: object for param metadata
WARNING:wadls/autoscale.wadl:Using string for object
WARNING:wadls/autoscale.wadl:Ignoring body parameter, converting these is not yet supported...
WARNING:wadls/autoscale.wadl:Autofix: Adding leading / to path
WARNING:wadls/autoscale.wadl:No support for application/json for resource at /v1.0/execute/{capability_version}/{capability_hash}
INFO:root:Saving swagger to swagger/autoscale.json
INFO:root:
INFO:root:Successfully converted all WADL files

Validating with swagger-tools...
Valid
