INFO:wadls/dns.wadl:Converting: wadls/dns.wadl to swagger/dns.json
WARNING:wadls/dns.wadl:Autofix: No base path, setting to http://localhost
WARNING:wadls/dns.wadl:Autofix: Adding leading / to path
WARNING:wadls/dns.wadl:No support for application/json for resource at /v1.0/{account}/rdns
WARNING:wadls/dns.wadl:Ignoring body parameter, converting these is not yet supported...
WARNING:wadls/dns.wadl:Ignoring body parameter, converting these is not yet supported...
WARNING:wadls/dns.wadl:Ignoring body parameter, converting these is not yet supported...
WARNING:wadls/dns.wadl:Ignoring body parameter, converting these is not yet supported...
WARNING:wadls/dns.wadl:Ignoring body parameter, converting these is not yet supported...
WARNING:wadls/dns.wadl:Ignoring body parameter, converting these is not yet supported...
WARNING:wadls/dns.wadl:Ignoring body parameter, converting these is not yet supported...
WARNING:wadls/dns.wadl:Ignoring body parameter, converting these is not yet supported...
WARNING:wadls/dns.wadl:Ignoring body parameter, converting these is not yet supported...
WARNING:wadls/dns.wadl:Ignoring body parameter, converting these is not yet supported...
WARNING:wadls/dns.wadl:Ignoring body parameter, converting these is not yet supported...
WARNING:wadls/dns.wadl:Autofix: Adding leading / to path
WARNING:wadls/dns.wadl:Autofix: Adding leading / to path
WARNING:wadls/dns.wadl:Autofix: Adding leading / to path
WARNING:wadls/dns.wadl:Autofix: Adding leading / to path
WARNING:wadls/dns.wadl:Autofix: Adding leading / to path
WARNING:wadls/dns.wadl:Autofix: Adding leading / to path
WARNING:wadls/dns.wadl:Ignoring body parameter, converting these is not yet supported...
WARNING:wadls/dns.wadl:Ignoring body parameter, converting these is not yet supported...
WARNING:wadls/dns.wadl:Ignoring body parameter, converting these is not yet supported...
WARNING:wadls/dns.wadl:Ignoring body parameter, converting these is not yet supported...
WARNING:wadls/dns.wadl:Ignoring body parameter, converting these is not yet supported...
WARNING:wadls/dns.wadl:Ignoring body parameter, converting these is not yet supported...
WARNING:wadls/dns.wadl:Ignoring body parameter, converting these is not yet supported...
WARNING:wadls/dns.wadl:Ignoring body parameter, converting these is not yet supported...
WARNING:wadls/dns.wadl:Autofix: Adding leading / to path
WARNING:wadls/dns.wadl:Ignoring body parameter, converting these is not yet supported...
WARNING:wadls/dns.wadl:Ignoring body parameter, converting these is not yet supported...
WARNING:wadls/dns.wadl:Ignoring body parameter, converting these is not yet supported...
WARNING:wadls/dns.wadl:Ignoring body parameter, converting these is not yet supported...
WARNING:wadls/dns.wadl:Autofix: Adding leading / to path
WARNING:wadls/dns.wadl:Autofix: Adding leading / to path
WARNING:wadls/dns.wadl:Autofix: Adding leading / to path
WARNING:wadls/dns.wadl:No support for application/json for resource at /v1.0/{account}/domains/{domainId}/clone
WARNING:wadls/dns.wadl:Autofix: Adding leading / to path
WARNING:wadls/dns.wadl:Autofix: Adding leading / to path
WARNING:wadls/dns.wadl:Ignoring body parameter, converting these is not yet supported...
WARNING:wadls/dns.wadl:Ignoring body parameter, converting these is not yet supported...
WARNING:wadls/dns.wadl:Ignoring body parameter, converting these is not yet supported...
WARNING:wadls/dns.wadl:Ignoring body parameter, converting these is not yet supported...
WARNING:wadls/dns.wadl:Ignoring body parameter, converting these is not yet supported...
WARNING:wadls/dns.wadl:Ignoring body parameter, converting these is not yet supported...
WARNING:wadls/dns.wadl:Ignoring body parameter, converting these is not yet supported...
WARNING:wadls/dns.wadl:Ignoring body parameter, converting these is not yet supported...
WARNING:wadls/dns.wadl:Ignoring body parameter, converting these is not yet supported...
WARNING:wadls/dns.wadl:Ignoring body parameter, converting these is not yet supported...
WARNING:wadls/dns.wadl:Ignoring body parameter, converting these is not yet supported...
WARNING:wadls/dns.wadl:Ignoring body parameter, converting these is not yet supported...
WARNING:wadls/dns.wadl:Autofix: Adding leading / to path
WARNING:wadls/dns.wadl:Ignoring body parameter, converting these is not yet supported...
WARNING:wadls/dns.wadl:Ignoring body parameter, converting these is not yet supported...
WARNING:wadls/dns.wadl:Ignoring body parameter, converting these is not yet supported...
WARNING:wadls/dns.wadl:Ignoring body parameter, converting these is not yet supported...
WARNING:wadls/dns.wadl:Ignoring body parameter, converting these is not yet supported...
WARNING:wadls/dns.wadl:Ignoring body parameter, converting these is not yet supported...
WARNING:wadls/dns.wadl:Autofix: Adding leading / to path
WARNING:wadls/dns.wadl:No support for application/json for resource at /v1.0/{account}/domains/import
WARNING:wadls/dns.wadl:Ignoring body parameter, converting these is not yet supported...
WARNING:wadls/dns.wadl:Ignoring body parameter, converting these is not yet supported...
WARNING:wadls/dns.wadl:Autofix: Adding leading / to path
INFO:root:Saving swagger to swagger/dns.json
INFO:root:
INFO:root:Successfully converted all WADL files

Validating with swagger-tools...
Valid
