INFO:wadls/layer3.wadl:Converting: wadls/layer3.wadl to swagger/layer3.json
WARNING:wadls/layer3.wadl:Autofix: Adding leading / to path
WARNING:wadls/layer3.wadl:Ignoring body parameter, converting these is not yet supported...
WARNING:wadls/layer3.wadl:Unknown type: xsd:dict for param external_gateway_info
WARNING:wadls/layer3.wadl:Using string for xsd:dict
WARNING:wadls/layer3.wadl:Ignoring body parameter, converting these is not yet supported...
WARNING:wadls/layer3.wadl:Ignoring body parameter, converting these is not yet supported...
WARNING:wadls/layer3.wadl:Unknown type: xsd:bool for param admin_state_up
WARNING:wadls/layer3.wadl:Using string for xsd:bool
WARNING:wadls/layer3.wadl:Ignoring body parameter, converting these is not yet supported...
WARNING:wadls/layer3.wadl:Ignoring body parameter, converting these is not yet supported...
WARNING:wadls/layer3.wadl:Unknown type: csapi:uuid for param id
WARNING:wadls/layer3.wadl:Using string for csapi:uuid
WARNING:wadls/layer3.wadl:Ignoring body parameter, converting these is not yet supported...
WARNING:wadls/layer3.wadl:Ignoring body parameter, converting these is not yet supported...
WARNING:wadls/layer3.wadl:Ignoring body parameter, converting these is not yet supported...
WARNING:wadls/layer3.wadl:Unknown type: xsd:bool for param admin_state_up
WARNING:wadls/layer3.wadl:Using string for xsd:bool
WARNING:wadls/layer3.wadl:Ignoring body parameter, converting these is not yet supported...
WARNING:wadls/layer3.wadl:Autofix: Adding leading / to path
WARNING:wadls/layer3.wadl:Ignoring body parameter, converting these is not yet supported...
WARNING:wadls/layer3.wadl:Ignoring body parameter, converting these is not yet supported...
WARNING:wadls/layer3.wadl:Unknown type: xsd:dict for param external_gateway_info
WARNING:wadls/layer3.wadl:Using string for xsd:dict
WARNING:wadls/layer3.wadl:Ignoring body parameter, converting these is not yet supported...
WARNING:wadls/layer3.wadl:Ignoring body parameter, converting these is not yet supported...
WARNING:wadls/layer3.wadl:Unknown type: xsd:bool for param admin_state_up
WARNING:wadls/layer3.wadl:Using string for xsd:bool
WARNING:wadls/layer3.wadl:Ignoring body parameter, converting these is not yet supported...
WARNING:wadls/layer3.wadl:Ignoring body parameter, converting these is not yet supported...
WARNING:wadls/layer3.wadl:Unknown type: csapi:uuid for param id
WARNING:wadls/layer3.wadl:Using string for csapi:uuid
WARNING:wadls/layer3.wadl:Ignoring body parameter, converting these is not yet supported...
WARNING:wadls/layer3.wadl:Autofix: path parameters must be required in Swagger (router_id)
WARNING:wadls/layer3.wadl:Ignoring body parameter, converting these is not yet supported...
WARNING:wadls/layer3.wadl:Ignoring body parameter, converting these is not yet supported...
WARNING:wadls/layer3.wadl:Unknown type: xsd:dict for param external_gateway_info
WARNING:wadls/layer3.wadl:Using string for xsd:dict
WARNING:wadls/layer3.wadl:Ignoring body parameter, converting these is not yet supported...
WARNING:wadls/layer3.wadl:Ignoring body parameter, converting these is not yet supported...
WARNING:wadls/layer3.wadl:Unknown type: xsd:bool for param admin_state_up
WARNING:wadls/layer3.wadl:Using string for xsd:bool
WARNING:wadls/layer3.wadl:Ignoring body parameter, converting these is not yet supported...
WARNING:wadls/layer3.wadl:Ignoring body parameter, converting these is not yet supported...
WARNING:wadls/layer3.wadl:Unknown type: csapi:uuid for param id
WARNING:wadls/layer3.wadl:Using string for csapi:uuid
WARNING:wadls/layer3.wadl:Ignoring body parameter, converting these is not yet supported...
WARNING:wadls/layer3.wadl:Autofix: Adding leading / to path
WARNING:wadls/layer3.wadl:No support for application/json for resource at /v2.0/routers/{router_id}/add_router_interface
WARNING:wadls/layer3.wadl:Autofix: path parameters must be required in Swagger (router_id)
WARNING:wadls/layer3.wadl:Unknown type: csapi:uuid for param subnet_id
WARNING:wadls/layer3.wadl:Using string for csapi:uuid
WARNING:wadls/layer3.wadl:Ignoring body parameter, converting these is not yet supported...
WARNING:wadls/layer3.wadl:Unknown type: csapi:uuid for param port_id
WARNING:wadls/layer3.wadl:Using string for csapi:uuid
WARNING:wadls/layer3.wadl:Ignoring body parameter, converting these is not yet supported...
WARNING:wadls/layer3.wadl:Autofix: Adding leading / to path
WARNING:wadls/layer3.wadl:No support for application/json for resource at /v2.0/routers/{router_id}/remove_router_interface
WARNING:wadls/layer3.wadl:Autofix: path parameters must be required in Swagger (router_id)
WARNING:wadls/layer3.wadl:Unknown type: csapi:uuid for param subnet_id
WARNING:wadls/layer3.wadl:Using string for csapi:uuid
WARNING:wadls/layer3.wadl:Ignoring body parameter, converting these is not yet supported...
WARNING:wadls/layer3.wadl:Unknown type: csapi:uuid for param port_id
WARNING:wadls/layer3.wadl:Using string for csapi:uuid
WARNING:wadls/layer3.wadl:Ignoring body parameter, converting these is not yet supported...
INFO:root:Saving swagger to swagger/layer3.json
INFO:root:
INFO:root:Successfully converted all WADL files

Validating with swagger-tools...
Valid
