INFO:wadls/networksnova.wadl:Converting: wadls/networksnova.wadl to swagger/networksnova.json
WARNING:wadls/networksnova.wadl:Autofix: Adding leading / to path
WARNING:wadls/networksnova.wadl:Ignoring body parameter, converting these is not yet supported...
WARNING:wadls/networksnova.wadl:Ignoring body parameter, converting these is not yet supported...
WARNING:wadls/networksnova.wadl:Ignoring body parameter, converting these is not yet supported...
WARNING:wadls/networksnova.wadl:Unknown type: capi:UUID for param cidr
WARNING:wadls/networksnova.wadl:Using string for capi:UUID
WARNING:wadls/networksnova.wadl:Ignoring body parameter, converting these is not yet supported...
WARNING:wadls/networksnova.wadl:Unknown type: capi:UUID for param label
WARNING:wadls/networksnova.wadl:Using string for capi:UUID
WARNING:wadls/networksnova.wadl:Ignoring body parameter, converting these is not yet supported...
WARNING:wadls/networksnova.wadl:Autofix: Adding leading / to path
WARNING:wadls/networksnova.wadl:Ignoring body parameter, converting these is not yet supported...
WARNING:wadls/networksnova.wadl:Ignoring body parameter, converting these is not yet supported...
WARNING:wadls/networksnova.wadl:Ignoring body parameter, converting these is not yet supported...
WARNING:wadls/networksnova.wadl:Unknown type: UUID for param id
WARNING:wadls/networksnova.wadl:Using string for UUID
WARNING:wadls/networksnova.wadl:Autofix: path parameters must be required in Swagger (id)
WARNING:wadls/networksnova.wadl:No support for application/json for resource at /servers
WARNING:wadls/networksnova.wadl:Ignoring body parameter, converting these is not yet supported...
WARNING:wadls/networksnova.wadl:Ignoring body parameter, converting these is not yet supported...
WARNING:wadls/networksnova.wadl:Ignoring body parameter, converting these is not yet supported...
WARNING:wadls/networksnova.wadl:Unknown type: bool for param config_drive
WARNING:wadls/networksnova.wadl:Using string for bool
WARNING:wadls/networksnova.wadl:Ignoring body parameter, converting these is not yet supported...
WARNING:wadls/networksnova.wadl:Ignoring body parameter, converting these is not yet supported...
WARNING:wadls/networksnova.wadl:Unknown type: array for param networks
WARNING:wadls/networksnova.wadl:Using string for array
WARNING:wadls/networksnova.wadl:Ignoring body parameter, converting these is not yet supported...
WARNING:wadls/networksnova.wadl:Unknown type: UUID for param uuid
WARNING:wadls/networksnova.wadl:Using string for UUID
WARNING:wadls/networksnova.wadl:Ignoring body parameter, converting these is not yet supported...
WARNING:wadls/networksnova.wadl:Ignoring body parameter, converting these is not yet supported...
WARNING:wadls/networksnova.wadl:Unknown type: meta for param metadata
WARNING:wadls/networksnova.wadl:Using string for meta
WARNING:wadls/networksnova.wadl:Ignoring body parameter, converting these is not yet supported...
WARNING:wadls/networksnova.wadl:Ignoring body parameter, converting these is not yet supported...
WARNING:wadls/networksnova.wadl:Ignoring body parameter, converting these is not yet supported...
WARNING:wadls/networksnova.wadl:Unknown type: file for param contents
WARNING:wadls/networksnova.wadl:Using string for file
WARNING:wadls/networksnova.wadl:Ignoring body parameter, converting these is not yet supported...
WARNING:wadls/networksnova.wadl:Unknown type: array for param virtual_interfaces
WARNING:wadls/networksnova.wadl:Using string for array
WARNING:wadls/networksnova.wadl:Ignoring body parameter, converting these is not yet supported...
WARNING:wadls/networksnova.wadl:Ignoring body parameter, converting these is not yet supported...
WARNING:wadls/networksnova.wadl:Unknown type: array for param ip_addresses
WARNING:wadls/networksnova.wadl:Using string for array
WARNING:wadls/networksnova.wadl:Ignoring body parameter, converting these is not yet supported...
WARNING:wadls/networksnova.wadl:Ignoring body parameter, converting these is not yet supported...
WARNING:wadls/networksnova.wadl:Ignoring body parameter, converting these is not yet supported...
WARNING:wadls/networksnova.wadl:Ignoring body parameter, converting these is not yet supported...
WARNING:wadls/networksnova.wadl:Ignoring body parameter, converting these is not yet supported...
WARNING:wadls/networksnova.wadl:Unknown type: UUID for param instance_id
WARNING:wadls/networksnova.wadl:Using string for UUID
WARNING:wadls/networksnova.wadl:Autofix: path parameters must be required in Swagger (instance_id)
WARNING:wadls/networksnova.wadl:Unknown type: xsd:UUID for param network_id
WARNING:wadls/networksnova.wadl:Using string for xsd:UUID
WARNING:wadls/networksnova.wadl:Ignoring body parameter, converting these is not yet supported...
WARNING:wadls/networksnova.wadl:No support for application/json for resource at /servers/{instance_id}/os-virtual-interfacesv2/{interface_id}
WARNING:wadls/networksnova.wadl:Unknown type: UUID for param instance_id
WARNING:wadls/networksnova.wadl:Using string for UUID
WARNING:wadls/networksnova.wadl:Autofix: path parameters must be required in Swagger (instance_id)
WARNING:wadls/networksnova.wadl:Unknown type: UUID for param interface_id
WARNING:wadls/networksnova.wadl:Using string for UUID
WARNING:wadls/networksnova.wadl:Autofix: path parameters must be required in Swagger (interface_id)
INFO:root:Saving swagger to swagger/networksnova.json
INFO:root:
INFO:root:Successfully converted all WADL files

Validating with swagger-tools...
Valid
