INFO:wadls/ports.wadl:Converting: wadls/ports.wadl to swagger/ports.json
WARNING:wadls/ports.wadl:Autofix: Adding leading / to path
WARNING:wadls/ports.wadl:Unknown type: array for param ports
WARNING:wadls/ports.wadl:Using string for array
WARNING:wadls/ports.wadl:Ignoring body parameter, converting these is not yet supported...
WARNING:wadls/ports.wadl:Ignoring body parameter, converting these is not yet supported...
WARNING:wadls/ports.wadl:Ignoring body parameter, converting these is not yet supported...
WARNING:wadls/ports.wadl:Unknown type: xsd:bool for param admin_state_up
WARNING:wadls/ports.wadl:Using string for xsd:bool
WARNING:wadls/ports.wadl:Ignoring body parameter, converting these is not yet supported...
WARNING:wadls/ports.wadl:Unknown type: csapi:uuid for param network_id
WARNING:wadls/ports.wadl:Using string for csapi:uuid
WARNING:wadls/ports.wadl:Ignoring body parameter, converting these is not yet supported...
WARNING:wadls/ports.wadl:Unknown type: csapi:uuid for param tenant_id
WARNING:wadls/ports.wadl:Using string for csapi:uuid
WARNING:wadls/ports.wadl:Ignoring body parameter, converting these is not yet supported...
WARNING:wadls/ports.wadl:Ignoring body parameter, converting these is not yet supported...
WARNING:wadls/ports.wadl:Ignoring body parameter, converting these is not yet supported...
WARNING:wadls/ports.wadl:Unknown type: array for param fixed_ips
WARNING:wadls/ports.wadl:Using string for array
WARNING:wadls/ports.wadl:Ignoring body parameter, converting these is not yet supported...
WARNING:wadls/ports.wadl:Unknown type: xsd:UUID for param subnet_id
WARNING:wadls/ports.wadl:Using string for xsd:UUID
WARNING:wadls/ports.wadl:Ignoring body parameter, converting these is not yet supported...
WARNING:wadls/ports.wadl:Ignoring body parameter, converting these is not yet supported...
WARNING:wadls/ports.wadl:Unknown type: csapi:uuid for param id
WARNING:wadls/ports.wadl:Using string for csapi:uuid
WARNING:wadls/ports.wadl:Ignoring body parameter, converting these is not yet supported...
WARNING:wadls/ports.wadl:Unknown type: csapi:uuid for param device_id
WARNING:wadls/ports.wadl:Using string for csapi:uuid
WARNING:wadls/ports.wadl:Ignoring body parameter, converting these is not yet supported...
WARNING:wadls/ports.wadl:Unknown type: object for param port
WARNING:wadls/ports.wadl:Using string for object
WARNING:wadls/ports.wadl:Ignoring body parameter, converting these is not yet supported...
WARNING:wadls/ports.wadl:Unknown type: csapi:uuid for param network_id
WARNING:wadls/ports.wadl:Using string for csapi:uuid
WARNING:wadls/ports.wadl:Ignoring body parameter, converting these is not yet supported...
WARNING:wadls/ports.wadl:Unknown type: xsd:bool for param admin_state_up
WARNING:wadls/ports.wadl:Using string for xsd:bool
WARNING:wadls/ports.wadl:Ignoring body parameter, converting these is not yet supported...
WARNING:wadls/ports.wadl:Ignoring body parameter, converting these is not yet supported...
WARNING:wadls/ports.wadl:Unknown type: xsd:uuid for param device_id
WARNING:wadls/ports.wadl:Using string for xsd:uuid
WARNING:wadls/ports.wadl:Ignoring body parameter, converting these is not yet supported...
WARNING:wadls/ports.wadl:Unknown type: csapi:uuid for param tenant_id
WARNING:wadls/ports.wadl:Using string for csapi:uuid
WARNING:wadls/ports.wadl:Ignoring body parameter, converting these is not yet supported...
WARNING:wadls/ports.wadl:Autofix: Adding leading / to path
WARNING:wadls/ports.wadl:Unknown type: object for param port
WARNING:wadls/ports.wadl:Using string for object
WARNING:wadls/ports.wadl:Ignoring body parameter, converting these is not yet supported...
WARNING:wadls/ports.wadl:Ignoring body parameter, converting these is not yet supported...
WARNING:wadls/ports.wadl:Ignoring body parameter, converting these is not yet supported...
WARNING:wadls/ports.wadl:Unknown type: xsd:bool for param admin_state_up
WARNING:wadls/ports.wadl:Using string for xsd:bool
WARNING:wadls/ports.wadl:Ignoring body parameter, converting these is not yet supported...
WARNING:wadls/ports.wadl:Unknown type: csapi:uuid for param network_id
WARNING:wadls/ports.wadl:Using string for csapi:uuid
WARNING:wadls/ports.wadl:Ignoring body parameter, converting these is not yet supported...
WARNING:wadls/ports.wadl:Unknown type: csapi:uuid for param tenant_id
WARNING:wadls/ports.wadl:Using string for csapi:uuid
WARNING:wadls/ports.wadl:Ignoring body parameter, converting these is not yet supported...
WARNING:wadls/ports.wadl:Ignoring body parameter, converting these is not yet supported...
WARNING:wadls/ports.wadl:Ignoring body parameter, converting these is not yet supported...
WARNING:wadls/ports.wadl:Unknown type: xsd:UUID for param fixed_ips
WARNING:wadls/ports.wadl:Using string for xsd:UUID
WARNING:wadls/ports.wadl:Ignoring body parameter, converting these is not yet supported...
WARNING:wadls/ports.wadl:Unknown type: xsd:UUID for param subnet_id
WARNING:wadls/ports.wadl:Using string for xsd:UUID
WARNING:wadls/ports.wadl:Ignoring body parameter, converting these is not yet supported...
WARNING:wadls/ports.wadl:Ignoring body parameter, converting these is not yet supported...
WARNING:wadls/ports.wadl:Unknown type: csapi:uuid for param id
WARNING:wadls/ports.wadl:Using string for csapi:uuid
WARNING:wadls/ports.wadl:Ignoring body parameter, converting these is not yet supported...
WARNING:wadls/ports.wadl:Unknown type: csapi:uuid for param device_id
WARNING:wadls/ports.wadl:Using string for csapi:uuid
WARNING:wadls/ports.wadl:Ignoring body parameter, converting these is not yet supported...
WARNING:wadls/ports.wadl:Autofix: path parameters must be required in Swagger (port_id)
WARNING:wadls/ports.wadl:Unknown type: object for param port
WARNING:wadls/ports.wadl:Using string for object
WARNING:wadls/ports.wadl:Ignoring body parameter, converting these is not yet supported...
WARNING:wadls/ports.wadl:Ignoring body parameter, converting these is not yet supported...
WARNING:wadls/ports.wadl:Unknown type: xsd:uuid for param device_id
WARNING:wadls/ports.wadl:Using string for xsd:uuid
WARNING:wadls/ports.wadl:Ignoring body parameter, converting these is not yet supported...
INFO:root:Saving swagger to swagger/ports.json
INFO:root:
INFO:root:Successfully converted all WADL files

Validating with swagger-tools...
Valid
