INFO:wadls/subnets.wadl:Converting: wadls/subnets.wadl to swagger/subnets.json
WARNING:wadls/subnets.wadl:Autofix: Adding leading / to path
WARNING:wadls/subnets.wadl:Unknown type: array for param subnets
WARNING:wadls/subnets.wadl:Using string for array
WARNING:wadls/subnets.wadl:Ignoring body parameter, converting these is not yet supported...
WARNING:wadls/subnets.wadl:Ignoring body parameter, converting these is not yet supported...
WARNING:wadls/subnets.wadl:Ignoring body parameter, converting these is not yet supported...
WARNING:wadls/subnets.wadl:Unknown type: csapi:uuid for param network_id
WARNING:wadls/subnets.wadl:Using string for csapi:uuid
WARNING:wadls/subnets.wadl:Ignoring body parameter, converting these is not yet supported...
WARNING:wadls/subnets.wadl:Unknown type: csapi:uuid for param tenant_id
WARNING:wadls/subnets.wadl:Using string for csapi:uuid
WARNING:wadls/subnets.wadl:Ignoring body parameter, converting these is not yet supported...
WARNING:wadls/subnets.wadl:Unknown type: array for param dns_nameservers
WARNING:wadls/subnets.wadl:Using string for array
WARNING:wadls/subnets.wadl:Ignoring body parameter, converting these is not yet supported...
WARNING:wadls/subnets.wadl:Unknown type: array for param allocation_pools
WARNING:wadls/subnets.wadl:Using string for array
WARNING:wadls/subnets.wadl:Ignoring body parameter, converting these is not yet supported...
WARNING:wadls/subnets.wadl:Ignoring body parameter, converting these is not yet supported...
WARNING:wadls/subnets.wadl:Ignoring body parameter, converting these is not yet supported...
WARNING:wadls/subnets.wadl:Unknown type: array for param host_routes
WARNING:wadls/subnets.wadl:Using string for array
WARNING:wadls/subnets.wadl:Ignoring body parameter, converting these is not yet supported...
WARNING:wadls/subnets.wadl:Ignoring body parameter, converting these is not yet supported...
WARNING:wadls/subnets.wadl:Ignoring body parameter, converting these is not yet supported...
WARNING:wadls/subnets.wadl:Ignoring body parameter, converting these is not yet supported...
WARNING:wadls/subnets.wadl:Unknown type: csapi:uuid for param id
WARNING:wadls/subnets.wadl:Using string for csapi:uuid
WARNING:wadls/subnets.wadl:Ignoring body parameter, converting these is not yet supported...
WARNING:wadls/subnets.wadl:Unknown type: object for param subnet
WARNING:wadls/subnets.wadl:Using string for object
WARNING:wadls/subnets.wadl:Ignoring body parameter, converting these is not yet supported...
WARNING:wadls/subnets.wadl:Ignoring body parameter, converting these is not yet supported...
WARNING:wadls/subnets.wadl:Unknown type: csapi:uuid for param network_id
WARNING:wadls/subnets.wadl:Using string for csapi:uuid
WARNING:wadls/subnets.wadl:Ignoring body parameter, converting these is not yet supported...
WARNING:wadls/subnets.wadl:Ignoring body parameter, converting these is not yet supported...
WARNING:wadls/subnets.wadl:Ignoring body parameter, converting these is not yet supported...
WARNING:wadls/subnets.wadl:Unknown type: array for param allocation_pools
WARNING:wadls/subnets.wadl:Using string for array
WARNING:wadls/subnets.wadl:Ignoring body parameter, converting these is not yet supported...
WARNING:wadls/subnets.wadl:Ignoring body parameter, converting these is not yet supported...
WARNING:wadls/subnets.wadl:Ignoring body parameter, converting these is not yet supported...
WARNING:wadls/subnets.wadl:Unknown type: array for param host_routes
WARNING:wadls/subnets.wadl:Using string for array
WARNING:wadls/subnets.wadl:Ignoring body parameter, converting these is not yet supported...
WARNING:wadls/subnets.wadl:Ignoring body parameter, converting these is not yet supported...
WARNING:wadls/subnets.wadl:Ignoring body parameter, converting these is not yet supported...
WARNING:wadls/subnets.wadl:Ignoring body parameter, converting these is not yet supported...
WARNING:wadls/subnets.wadl:Unknown type: object for param subnet
WARNING:wadls/subnets.wadl:Using string for object
WARNING:wadls/subnets.wadl:Ignoring body parameter, converting these is not yet supported...
WARNING:wadls/subnets.wadl:Ignoring body parameter, converting these is not yet supported...
WARNING:wadls/subnets.wadl:Unknown type: csapi:uuid for param network_id
WARNING:wadls/subnets.wadl:Using string for csapi:uuid
WARNING:wadls/subnets.wadl:Ignoring body parameter, converting these is not yet supported...
WARNING:wadls/subnets.wadl:Ignoring body parameter, converting these is not yet supported...
WARNING:wadls/subnets.wadl:Ignoring body parameter, converting these is not yet supported...
WARNING:wadls/subnets.wadl:Unknown type: array for param allocation_pools
WARNING:wadls/subnets.wadl:Using string for array
WARNING:wadls/subnets.wadl:Ignoring body parameter, converting these is not yet supported...
WARNING:wadls/subnets.wadl:Ignoring body parameter, converting these is not yet supported...
WARNING:wadls/subnets.wadl:Ignoring body parameter, converting these is not yet supported...
WARNING:wadls/subnets.wadl:Unknown type: array for param host_routes
WARNING:wadls/subnets.wadl:Using string for array
WARNING:wadls/subnets.wadl:Ignoring body parameter, converting these is not yet supported...
WARNING:wadls/subnets.wadl:Ignoring body parameter, converting these is not yet supported...
WARNING:wadls/subnets.wadl:Ignoring body parameter, converting these is not yet supported...
WARNING:wadls/subnets.wadl:Ignoring body parameter, converting these is not yet supported...
WARNING:wadls/subnets.wadl:Autofix: Adding leading / to path
WARNING:wadls/subnets.wadl:Unknown type: object for param subnet
WARNING:wadls/subnets.wadl:Using string for object
WARNING:wadls/subnets.wadl:Ignoring body parameter, converting these is not yet supported...
WARNING:wadls/subnets.wadl:Ignoring body parameter, converting these is not yet supported...
WARNING:wadls/subnets.wadl:Ignoring body parameter, converting these is not yet supported...
WARNING:wadls/subnets.wadl:Unknown type: csapi:uuid for param network_id
WARNING:wadls/subnets.wadl:Using string for csapi:uuid
WARNING:wadls/subnets.wadl:Ignoring body parameter, converting these is not yet supported...
WARNING:wadls/subnets.wadl:Unknown type: csapi:uuid for param tenant_id
WARNING:wadls/subnets.wadl:Using string for csapi:uuid
WARNING:wadls/subnets.wadl:Ignoring body parameter, converting these is not yet supported...
WARNING:wadls/subnets.wadl:Unknown type: array for param dns_nameservers
WARNING:wadls/subnets.wadl:Using string for array
WARNING:wadls/subnets.wadl:Ignoring body parameter, converting these is not yet supported...
WARNING:wadls/subnets.wadl:Unknown type: array for param allocation_pools
WARNING:wadls/subnets.wadl:Using string for array
WARNING:wadls/subnets.wadl:Ignoring body parameter, converting these is not yet supported...
WARNING:wadls/subnets.wadl:Ignoring body parameter, converting these is not yet supported...
WARNING:wadls/subnets.wadl:Ignoring body parameter, converting these is not yet supported...
WARNING:wadls/subnets.wadl:Unknown type: array for param host_routes
WARNING:wadls/subnets.wadl:Using string for array
WARNING:wadls/subnets.wadl:Ignoring body parameter, converting these is not yet supported...
WARNING:wadls/subnets.wadl:Ignoring body parameter, converting these is not yet supported...
WARNING:wadls/subnets.wadl:Ignoring body parameter, converting these is not yet supported...
WARNING:wadls/subnets.wadl:Ignoring body parameter, converting these is not yet supported...
WARNING:wadls/subnets.wadl:Unknown type: csapi:uuid for param id
WARNING:wadls/subnets.wadl:Using string for csapi:uuid
WARNING:wadls/subnets.wadl:Ignoring body parameter, converting these is not yet supported...
WARNING:wadls/subnets.wadl:Autofix: path parameters must be required in Swagger (subnet_id)
WARNING:wadls/subnets.wadl:Unknown type: object for param subnet
WARNING:wadls/subnets.wadl:Using string for object
WARNING:wadls/subnets.wadl:Ignoring body parameter, converting these is not yet supported...
WARNING:wadls/subnets.wadl:Ignoring body parameter, converting these is not yet supported...
WARNING:wadls/subnets.wadl:Ignoring body parameter, converting these is not yet supported...
INFO:root:Saving swagger to swagger/subnets.json
INFO:root:
INFO:root:Successfully converted all WADL files

Validating with swagger-tools...
Valid
